<?xml version="1.0" encoding="UTF-8"?>
<!-- Generated by org.testng.reporters.JUnitXMLReporter -->
<testsuite ignored="0" hostname="Hctpl03" failures="0" tests="4" name="Default test" time="16.722" errors="0" timestamp="2023-04-02T14:51:38 IST">
  <testcase classname="calculator.com.CalculatorTest" name="Addition" time="2.536"/>
  <testcase classname="calculator.com.CalculatorTest" name="Division" time="2.34"/>
  <testcase classname="calculator.com.CalculatorTest" name="Multiplication" time="2.303"/>
  <testcase classname="calculator.com.CalculatorTest" name="Subtraction" time="2.644"/>
</testsuite> <!-- Default test -->
