<?xml version="1.0" encoding="UTF-8"?>
<testng-results ignored="0" total="4" passed="4" failed="0" skipped="0">
  <reporter-output>
  </reporter-output>
  <suite started-at="2023-04-02T14:51:21 IST" name="Default suite" finished-at="2023-04-02T14:51:38 IST" duration-ms="16722">
    <groups>
    </groups>
    <test started-at="2023-04-02T14:51:21 IST" name="Default test" finished-at="2023-04-02T14:51:38 IST" duration-ms="16722">
      <class name="calculator.com.CalculatorTest">
        <test-method is-config="true" signature="setup()[pri:0, instance:calculator.com.CalculatorTest@6392827e]" started-at="2023-04-02T14:51:21 IST" name="setup" finished-at="2023-04-02T14:51:28 IST" duration-ms="6864" status="PASS">
          <reporter-output>
          </reporter-output>
        </test-method> <!-- setup -->
        <test-method signature="Addition()[pri:0, instance:calculator.com.CalculatorTest@6392827e]" started-at="2023-04-02T14:51:28 IST" name="Addition" finished-at="2023-04-02T14:51:31 IST" duration-ms="2536" status="PASS">
          <reporter-output>
          </reporter-output>
        </test-method> <!-- Addition -->
        <test-method signature="Division()[pri:0, instance:calculator.com.CalculatorTest@6392827e]" started-at="2023-04-02T14:51:31 IST" name="Division" finished-at="2023-04-02T14:51:33 IST" duration-ms="2340" status="PASS">
          <reporter-output>
          </reporter-output>
        </test-method> <!-- Division -->
        <test-method signature="Multiplication()[pri:0, instance:calculator.com.CalculatorTest@6392827e]" started-at="2023-04-02T14:51:33 IST" name="Multiplication" finished-at="2023-04-02T14:51:35 IST" duration-ms="2303" status="PASS">
          <reporter-output>
          </reporter-output>
        </test-method> <!-- Multiplication -->
        <test-method signature="Subtraction()[pri:0, instance:calculator.com.CalculatorTest@6392827e]" started-at="2023-04-02T14:51:35 IST" name="Subtraction" finished-at="2023-04-02T14:51:38 IST" duration-ms="2644" status="PASS">
          <reporter-output>
          </reporter-output>
        </test-method> <!-- Subtraction -->
      </class> <!-- calculator.com.CalculatorTest -->
    </test> <!-- Default test -->
  </suite> <!-- Default suite -->
</testng-results>
